editing cg100#5.asc: done
editing cg101#3.asc: done
editing cg102#1.asc: done
editing cg102#2.asc: done
editing cg102#3.asc: done
editing cg102#4.asc: done
editing cg102#5.asc: done
editing cg102#6.asc: done
editing cg104#3.asc: done
editing cg104#4.asc: done
editing cg11#3.asc: done
editing cg11#4.asc: done
editing cg12#2.asc: done
editing cg12#4.asc: done
editing cg12#5.asc: done
editing cg12#6.asc: done
editing cg12#7.asc: done
editing cg12#8.asc: done
editing cg12#9.asc: done
editing cg13#1.asc: done
editing cg13#2.asc: done
editing cg13#4.asc: done
editing cg13#5.asc: done
editing cg13#6.asc: done
editing cg13#7.asc: done
editing cg13#8.asc: done
editing cg13#9.asc: done
editing cg18#7.asc: done
editing cg21#5.asc: done
editing cg24#6.asc: done
editing cg24#7.asc: done
editing cg25#1.asc: done
editing cg25#2.asc: done
editing cg25#3.asc: done
editing cg25#4.asc: done
editing cg25#5.asc: done
editing cg25#6.asc: done
editing cg26#2.asc: done
editing cg27#4.asc: done
editing cg27#5.asc: done
editing cg27#8.asc: done
editing cg3#3.asc: done
editing cg32#2.asc: done
editing cg33#3.asc: done
editing cg33#6.asc: done
editing cg34#3.asc: done
editing cg34#4.asc: done
editing cg34#5.asc: done
editing cg40#2.asc: done
editing cg40#4.asc: done
editing cg40#5.asc: done
editing cg40#6.asc: done
editing cg40#7.asc: done
editing cg41#1.asc: done
editing cg41#4.asc: done
editing cg41#8.asc: done
editing cg42#1.asc: done
editing cg42#2.asc: done
editing cg42#3.asc: done
editing cg42#4.asc: done
editing cg42#5.asc: done
editing cg42#6.asc: done
editing cg43#1.asc: done
editing cg43#2.asc: done
editing cg43#3.asc: done
editing cg43#4.asc: done
editing cg43#5.asc: done
editing cg43#7.asc: done
editing cg43#8.asc: done
editing cg44#1.asc: done
editing cg44#2.asc: done
editing cg44#5.asc: done
editing cg45#5.asc: done
editing cg48#5.asc: done
editing cg48#8.asc: done
editing cg49#1.asc: done
editing cg49#2.asc: done
editing cg49#4.asc: done
editing cg49#6.asc: done
editing cg5#1.asc: done
editing cg51#1.asc: done
editing cg52#1.asc: done
editing cg53#1.asc: done
editing cg53#3.asc: done
editing cg55A#1.asc: done
editing cg55A#6.asc: done
editing cg57#4.asc: done
editing cg57#8.asc: done
editing cg57#9.asc: done
editing cg58#1.asc: done
editing cg58#2.asc: done
editing cg58#4.asc: done
editing cg58#5.asc: done
editing cg58#6.asc: done
editing cg58#7.asc: done
editing cg6#3.asc: done
editing cg65#6.asc: done
editing cg65#7.asc: done
editing cg66#1.asc: done
editing cg7#5.asc: done
editing cg7#7.asc: done
editing cg71#2.asc: done
editing cg74#4.asc: done
editing cg74#5.asc: done
editing cg75#7.asc: done
editing cg76#3.asc: done
editing cg77#1.asc: done
editing cg77#2.asc: done
editing cg77#4.asc: done
editing cg77#7.asc: done
editing cg77#8.asc: done
editing cg78#7.asc: done
editing cg80#5.asc: done
editing cg85#3.asc: done
editing cg85#8.asc: done
editing cg88#1.asc: done
editing cg88#2.asc: done
editing cg95#6.asc: done
editing cg95#7.asc: done
editing cg96#1.asc: done
editing cg96#3.asc: done
editing cg96#5.asc: done
editing cg96#6.asc: done
editing cg97#1.asc: done
editing cg97#2.asc: done
editing cg97#3.asc: done
editing cg98#3.asc: done
editing cg98#6.asc: done
editing cl10#1.asc: done
editing cl10#2.asc: done
editing cl10#3.asc: done
editing cl10#4c.asc: Original file is empty.
editing cl10#4e.asc: Original file is empty.
editing cl10#4f.asc: done
editing cl10#5.asc: done
editing cl10#6.asc: done
editing cl10#7.asc: done
editing cl10#8.asc: done
editing cl10#9.asc: done
editing cl100#1.asc: done
editing cl100#2.asc: done
editing cl100#3.asc: done
editing cl100#4.asc: done
editing cl101#1.asc: done
editing cl101#2.asc: done
editing cl101#4.asc: done
editing cl101#5.asc: done
editing cl101#6.asc: done
editing cl101#7.asc: done
editing cl103#6.asc: done
editing cl103#9.asc: done
editing cl104#10.asc: done
editing cl104#6.asc: done
editing cl104#7.asc: done
editing cl104#9.asc: done
editing cl11#2.asc: done
editing cl11#6.asc: done
editing cl11#7.asc: done
editing cl11#8.asc: done
editing cl12#1.asc: done
editing cl12#3.asc: done
editing cl13#3.asc: done
editing cl14#3.asc: done
editing cl14#4.asc: done
editing cl14#5.asc: done
editing cl14#6.asc: done
editing cl15#1.asc: done
editing cl15#2.asc: done
editing cl15#3.asc: done
editing cl15#5.asc: done
editing cl16#1.asc: done
editing cl16#2.asc: done
editing cl16#4.asc: done
editing cl16#6.asc: done
editing cl17#2.asc: done
editing cl17#3.asc: done
editing cl17#4.asc: done
editing cl17#5.asc: done
editing cl17#6.asc: done
editing cl17#7.asc: done
editing cl18#3.asc: done
editing cl18#4.asc: done
editing cl18#5.asc: done
editing cl18#6.asc: done
editing cl19#2.asc: done
editing cl19#3.asc: done
editing cl19#5.asc: done
editing cl19#6.asc: done
editing cl19#7.asc: done
editing cl19#8.asc: done
editing cl2#4.asc: done
editing cl2#6.asc: done
editing cl20#4.asc: done
editing cl20#5.asc: done
editing cl20#7.asc: done
editing cl20#8.asc: done
editing cl21#1.asc: done
editing cl21#2.asc: done
editing cl21#3.asc: done
editing cl21#4.asc: done
editing cl21#6.asc: done
editing cl21#7.asc: done
editing cl21#8.asc: done
editing cl22#1.asc: done
editing cl22#5.asc: done
editing cl22#6.asc: done
editing cl22#7.asc: done
editing cl23#1.asc: done
editing cl23#2.asc: done
editing cl23#4.asc: done
editing cl23#5.asc: done
editing cl23#6.asc: done
editing cl24#2.asc: done
editing cl24#5.asc: done
editing cl26#1.asc: done
editing cl27#2.asc: done
editing cl27#3.asc: done
editing cl27#9.asc: done
editing cl28#1.asc: done
editing cl28#2.asc: done
editing cl28#4.asc: done
editing cl28#5.asc: done
editing cl28#6.asc: done
editing cl28#7.asc: done
editing cl28#9.asc: done
editing cl29#1.asc: done
editing cl29#2.asc: done
editing cl29#3.asc: done
editing cl29#5.asc: done
editing cl3#2.asc: done
editing cl3#4.asc: done
editing cl3#6.asc: done
editing cl3#7.asc: done
editing cl3#8.asc: done
editing cl30#1.asc: done
editing cl30#2.asc: done
editing cl30#3.asc: done
editing cl30#4.asc: done
editing cl30#5.asc: done
editing cl30#6.asc: done
editing cl31#3.asc: done
editing cl31#4.asc: done
editing cl31#5.asc: done
editing cl31#6.asc: done
editing cl31#7.asc: done
editing cl31#8.asc: done
editing cl32#1.asc: done
editing cl32#6.asc: done
editing cl32#7.asc: done
editing cl33#2.asc: done
editing cl33#4.asc: done
editing cl33#8.asc: done
editing cl34#1.asc: done
editing cl34#8.asc: done
editing cl34#9.asc: done
editing cl35#3.asc: done
editing cl36#1.asc: done
editing cl36#2.asc: done
editing cl36#3.asc: done
editing cl36#4.asc: done
editing cl36#5.asc: done
editing cl36#6.asc: done
editing cl36#7.asc: done
editing cl36#8.asc: done
editing cl37#1.asc: done
editing cl37#2.asc: done
editing cl37#4.asc: done
editing cl37#5.asc: done
editing cl37#6.asc: done
editing cl37#7.asc: done
editing cl37#8.asc: done
editing cl38#1.asc: done
editing cl38#3.asc: done
editing cl38#4.asc: done
editing cl38#5.asc: done
editing cl38#6.asc: done
editing cl39#1.asc: done
editing cl39#2.asc: done
editing cl39#4.asc: done
editing cl39#5.asc: done
editing cl4#2.asc: done
editing cl4#4.asc: done
editing cl4#5.asc: done
editing cl40#1.asc: done
editing cl41#5.asc: done
editing cl41#6.asc: done
editing cl41#7.asc: done
editing cl44#3.asc: done
editing cl44#4.asc: done
editing cl44#6.asc: done
editing cl44#7.asc: done
editing cl45#1.asc: done
editing cl45#2.asc: done
editing cl45#4.asc: done
editing cl46#3.asc: done
editing cl46#4.asc: done
editing cl46#5.asc: done
editing cl46#6.asc: done
editing cl47#1.asc: done
editing cl47#2.asc: done
editing cl47#3.asc: done
editing cl47#4.asc: done
editing cl47#6.asc: done
editing cl48#1.asc: done
editing cl48#2.asc: done
editing cl48#3.asc: done
editing cl48#6.asc: done
editing cl49#3.asc: done
editing cl49#5.asc: done
editing cl49#7.asc: done
editing cl5#3.asc: done
editing cl5#4.asc: done
editing cl5#5.asc: done
editing cl50#1.asc: done
editing cl50#3.asc: done
editing cl50#6.asc: done
editing cl50#7.asc: done
editing cl50#8.asc: done
editing cl52#2.asc: done
editing cl52#4.asc: done
editing cl54#1.asc: done
editing cl54#2.asc: done
editing cl54#3.asc: done
editing cl54#4.asc: done
editing cl54#5.asc: done
editing cl54#6.asc: done
editing cl54#7.asc: done
editing cl54#8.asc: done
editing cl55#5.asc: done
editing cl55#6.asc: done
editing cl55#8.asc: done
editing cl55A#2.asc: done
editing cl55A#3.asc: done
editing cl55A#4.asc: done
editing cl55A#5.asc: done
editing cl56#1.asc: done
editing cl56#2.asc: done
editing cl56#4.asc: done
editing cl56#7.asc: done
editing cl57#1.asc: done
editing cl57#5.asc: done
editing cl59#1.asc: done
editing cl59#2.asc: done
editing cl59#3.asc: done
editing cl59#4.asc: done
editing cl59#5.asc: done
editing cl59#6.asc: done
editing cl59#8.asc: done
editing cl6#1.asc: done
editing cl6#2.asc: done
editing cl6#7.asc: done
editing cl60#2.asc: done
editing cl60#3.asc: done
editing cl60#4.asc: done
editing cl60#5.asc: done
editing cl60#6.asc: done
editing cl60#7.asc: done
editing cl60a#1.asc: done
editing cl60a#3.asc: done
editing cl60a#4.asc: done
editing cl60a#5.asc: done
editing cl60a#7.asc: done
editing cl61#1.asc: done
editing cl61#2.asc: done
editing cl61#3.asc: done
editing cl61#5.asc: done
editing cl61#6.asc: done
editing cl61#7.asc: done
editing cl62#3.asc: done
editing cl62#5.asc: done
editing cl62#6.asc: done
editing cl62#7.asc: done
editing cl62#8.asc: done
editing cl63#1.asc: done
editing cl63#2.asc: done
editing cl63#3.asc: done
editing cl63#5.asc: done
editing cl63#6.asc: done
editing cl64#1.asc: done
editing cl64#2.asc: done
editing cl64#3.asc: done
editing cl64#4.asc: done
editing cl64#5.asc: done
editing cl64#6.asc: done
editing cl65#1.asc: done
editing cl65#2.asc: done
editing cl65#3.asc: done
editing cl65#4.asc: done
editing cl66#3.asc: done
editing cl66#5.asc: done
editing cl66#6.asc: done
editing cl66#7.asc: done
editing cl67#6.asc: done
editing cl67#7.asc: done
editing cl68#6.asc: done
editing cl69#1.asc: done
editing cl69#3.asc: done
editing cl69#4.asc: done
editing cl69#5.asc: done
editing cl69#6.asc: done
editing cl69#8.asc: done
editing cl7#1.asc: done
editing cl7#2.asc: done
editing cl7#3.asc: done
editing cl7#4.asc: done
editing cl7#6.asc: done
editing cl70#1.asc: done
editing cl70#2.asc: done
editing cl72#6.asc: done
editing cl72#7.asc: done
editing cl72#8.asc: done
editing cl73#2.asc: done
editing cl73#3.asc: done
editing cl73#4.asc: done
editing cl74#1.asc: done
editing cl74#3.asc: done
editing cl74#7.asc: done
editing cl75#1.asc: done
editing cl75#2.asc: done
editing cl75#5.asc: done
editing cl76#1.asc: done
editing cl76#6.asc: done
editing cl76#7.asc: done
editing cl77#5.asc: done
editing cl77#6.asc: done
editing cl78#2.asc: done
editing cl78#5.asc: done
editing cl78#8.asc: done
editing cl79#1.asc: done
editing cl79#2.asc: done
editing cl79#4.asc: done
editing cl79#6.asc: done
editing cl79#8.asc: done
editing cl8#3.asc: done
editing cl8#4.asc: done
editing cl8#5.asc: done
editing cl8#6.asc: done
editing cl80#2.asc: done
editing cl80#3.asc: done
editing cl80#4.asc: done
editing cl81#1.asc: done
editing cl81#3.asc: done
editing cl81#4.asc: done
editing cl81#5.asc: done
editing cl82#1.asc: done
editing cl82#3.asc: done
editing cl82#4.asc: done
editing cl82#5.asc: done
editing cl82#6.asc: done
editing cl82#7.asc: done
editing cl82#8.asc: done
editing cl83#1.asc: done
editing cl83#3.asc: done
editing cl83#4.asc: done
editing cl83#5.asc: done
editing cl83#6.asc: done
editing cl84#4.asc: done
editing cl84#7.asc: done
editing cl85#1.asc: done
editing cl85#2.asc: done
editing cl85#4.asc: done
editing cl85#6.asc: done
editing cl88#3.asc: done
editing cl88#5.asc: done
editing cl88#6.asc: done
editing cl89#4.asc: done
editing cl89#5.asc: done
editing cl89#8.asc: done
editing cl89#9.asc: done
editing cl9#1.asc: done
editing cl9#2.asc: done
editing cl9#4.asc: done
editing cl9#5.asc: done
editing cl9#6.asc: done
editing cl9#7.asc: done
editing cl9#8.asc: done
editing cl90#1.asc: done
editing cl90#2.asc: done
editing cl90#4.asc: done
editing cl90#6.asc: done
editing cl91#1.asc: done
editing cl91#4.asc: done
editing cl91#5.asc: done
editing cl91#6.asc: done
editing cl91#7.asc: done
editing cl92#1.asc: done
editing cl92#3.asc: done
editing cl92#5.asc: done
editing cl92#6.asc: done
editing cl92#7.asc: done
editing cl92#8.asc: done
editing cl93#1.asc: done
editing cl93#2.asc: done
editing cl93#3.asc: done
editing cl94#1.asc: done
editing cl94#2.asc: done
editing cl94#5.asc: done
editing cl95#3.asc: done
editing cl95#4.asc: done
editing cl95#5.asc: done
editing cl96#2.asc: done
editing cl96#4.asc: done
editing cl97#5.asc: done
editing cl98#1.asc: done
editing cl98#2.asc: done
editing cl98#4.asc: done
editing cl99#1.asc: done
editing cl99#4.asc: done
editing cp1#1a.asc: done
editing cp1#1b.asc: done
editing cp1#2a.asc: done
editing cp1#2b.asc: done
editing cp1#3a.asc: done
editing cp1#3b.asc: done
editing cp1#4a.asc: done
editing cp1#4b.asc: done
editing cp1#5a.asc: done
editing cp1#5b.asc: done
editing cp1#6a.asc: done
editing cp1#6b.asc: done
editing cp1#7a.asc: done
editing cp1#7b.asc: done
editing cp1#7c.asc: done
editing cp1#8a.asc: done
editing cp1#8b.asc: done
editing cp10#4a.asc: done
editing cp100#6.asc: done
editing cp100#7.asc: done
editing cp102#7.asc: done
editing cp103#1.asc: done
editing cp103#2.asc: done
editing cp103#3.asc: done
editing cp103#4.asc: done
editing cp103#5.asc: done
editing cp103#7.asc: done
editing cp103#8.asc: done
editing cp104#1.asc: done
editing cp104#2.asc: done
editing cp104#5.asc: done
editing cp11#1.asc: done
editing cp11#5.asc: done
editing cp14#1.asc: done
editing cp14#2.asc: done
editing cp15#4.asc: done
editing cp15#6.asc: done
editing cp16#3.asc: done
editing cp16#5.asc: done
editing cp17#1.asc: done
editing cp17#8.asc: done
editing cp18#1.asc: done
editing cp18#2.asc: done
editing cp19#1.asc: done
editing cp19#4.asc: done
editing cp1a#1a.asc: done
editing cp1a#1b.asc: done
editing cp1a#2a.asc: done
editing cp1a#2b.asc: done
editing cp1a#2c.asc: file not changed: done
editing cp1a#3a.asc: done
editing cp1a#3b.asc: done
editing cp1a#3c.asc: file not changed: done
editing cp1a#4a.asc: done
editing cp1a#4b.asc: done
editing cp1a#4c.asc: done
editing cp1a#5.asc: done
editing cp1a#6.asc: done
editing cp1a#7a.asc: done
editing cp1a#7b.asc: done
editing cp1a#7c.asc: done
editing cp2#1a.asc: done
editing cp2#1b.asc: done
editing cp2#1c.asc: done
editing cp2#2a.asc: done
editing cp2#2b.asc: done
editing cp2#3.asc: done
editing cp2#5.asc: done
editing cp20#1.asc: done
editing cp20#2.asc: done
editing cp20#3.asc: done
editing cp20#6.asc: done
editing cp22#2.asc: done
editing cp22#3.asc: done
editing cp22#4.asc: done
editing cp23#3.asc: done
editing cp23#7.asc: done
editing cp23#8.asc: done
editing cp24#1.asc: done
editing cp24#3.asc: done
editing cp24#4.asc: done
editing cp24#8.asc: file not changed: done
editing cp26#3.asc: done
editing cp27#1.asc: done
editing cp27#6.asc: done
editing cp27#7.asc: done
editing cp28#3.asc: done
editing cp28#8.asc: done
editing cp29#4.asc: done
editing cp29#6.asc: done
editing cp29#7.asc: done
editing cp3#1.asc: done
editing cp3#5.asc: done
editing cp31#1.asc: done
editing cp31#2.asc: done
editing cp32#3.asc: done
editing cp32#4.asc: done
editing cp32#5.asc: done
editing cp33#1.asc: done
editing cp33#5.asc: done
editing cp33#7.asc: done
editing cp34#2.asc: done
editing cp34#6.asc: done
editing cp34#7.asc: done
editing cp35#1.asc: done
editing cp35#2.asc: done
editing cp35#4.asc: done
editing cp35#5.asc: done
editing cp35#6.asc: done
editing cp35#7.asc: done
editing cp35#8.asc: done
editing cp37#3.asc: done
editing cp38#2.asc: done
editing cp39#3.asc: done
editing cp4#1.asc: done
editing cp4#3.asc: done
editing cp4#6.asc: done
editing cp40#3.asc: done
editing cp41#2.asc: done
editing cp41#3.asc: done
editing cp45#6.asc: done
editing cp45#7.asc: done
editing cp45#8.asc: done
editing cp46#1.asc: done
editing cp46#2.asc: done
editing cp46#7.asc: done
editing cp46#8.asc: done
editing cp46#9.asc: done
editing cp47#5.asc: done
editing cp48#4.asc: done
editing cp48#7.asc: done
editing cp5#2.asc: done
editing cp5#6.asc: done
editing cp50#2.asc: done
editing cp50#4.asc: done
editing cp50#5.asc: done
editing cp51#2.asc: done
editing cp51#3.asc: done
editing cp51#4.asc: done
editing cp51#5.asc: done
editing cp51#6.asc: done
editing cp51#7.asc: done
editing cp51#8.asc: done
editing cp52#3.asc: done
editing cp53#2.asc: done
editing cp55#1.asc: done
editing cp55#2.asc: done
editing cp55#3.asc: done
editing cp55#4.asc: done
editing cp55#7.asc: done
editing cp56#3.asc: done
editing cp56#5.asc: done
editing cp56#6.asc: done
editing cp56#8.asc: done
editing cp57#2.asc: done
editing cp57#3.asc: done
editing cp57#6.asc: done
editing cp57#7.asc: done
editing cp58#3.asc: done
editing cp6#4.asc: done
editing cp6#5a.asc: done
editing cp6#5b.asc: done
editing cp6#6a.asc: done
editing cp6#6b.asc: done
editing cp6#8.asc: done
editing cp6#9.asc: done
editing cp60#1.asc: done
editing cp60a#2.asc: done
editing cp60a#6.asc: done
editing cp61#4.asc: done
editing cp62#1.asc: done
editing cp62#2.asc: done
editing cp62#4.asc: done
editing cp63#4.asc: done
editing cp63#7.asc: done
editing cp64#7.asc: done
editing cp64#8.asc: done
editing cp66#2.asc: done
editing cp66#4.asc: done
editing cp67#1.asc: done
editing cp67#2.asc: done
editing cp67#3.asc: done
editing cp67#4.asc: done
editing cp67#5.asc: done
editing cp67#8.asc: done
editing cp68#1.asc: done
editing cp68#2.asc: done
editing cp68#3.asc: done
editing cp68#4.asc: done
editing cp68#5.asc: done
editing cp68#7.asc: done
editing cp69#2.asc: done
editing cp7#4b.asc: done
editing cp70#3.asc: done
editing cp70#4.asc: done
editing cp70#5.asc: done
editing cp71#1.asc: done
editing cp71#3.asc: done
editing cp71#4.asc: done
editing cp71#5.asc: done
editing cp71#6.asc: done
editing cp71#7.asc: done
editing cp71#8.asc: done
editing cp72#1.asc: done
editing cp72#2.asc: done
editing cp72#3.asc: done
editing cp72#4.asc: done
editing cp72#5.asc: done
editing cp73#1.asc: done
editing cp74#2.asc: done
editing cp74#6.asc: done
editing cp75#4.asc: done
editing cp76#2.asc: done
editing cp76#4.asc: done
editing cp76#5.asc: done
editing cp77#3.asc: done
editing cp78#1.asc: done
editing cp78#3.asc: done
editing cp78#4.asc: done
editing cp79#3.asc: done
editing cp79#5.asc: done
editing cp79#7.asc: done
editing cp8#1.asc: done
editing cp8#2.asc: done
editing cp8#7.asc: done
editing cp8#8.asc: done
editing cp8#9.asc: done
editing cp80#1.asc: done
editing cp82#2.asc: done
editing cp82#9.asc: done
editing cp83#7.asc: done
editing cp84#1.asc: done
editing cp84#2.asc: done
editing cp84#3.asc: done
editing cp84#5.asc: done
editing cp84#6.asc: done
editing cp85#5.asc: done
editing cp85#7.asc: done
editing cp86#1a.asc: done
editing cp86#1b.asc: done
editing cp86#2a.asc: done
editing cp86#2b.asc: done
editing cp86#2c.asc: done
editing cp86#2d.asc: done
editing cp86#3a.asc: done
editing cp86#3b.asc: done
editing cp86#4a.asc: done
editing cp86#4b.asc: done
editing cp86#4c.asc: done
editing cp86#5a.asc: done
editing cp86#5b.asc: done
editing cp86#5c.asc: done
editing cp86#6a.asc: done
editing cp86#6b.asc: done
editing cp86#7a.asc: done
editing cp86#7b.asc: done
editing cp86#8a.asc: done
editing cp86#8b.asc: done
editing cp87#1a.asc: done
editing cp87#1b.asc: done
editing cp87#1c.asc: done
editing cp87#2.asc: done
editing cp87#3.asc: done
editing cp87#4a.asc: done
editing cp87#4b.asc: done
editing cp87#5a.asc: done
editing cp87#5b.asc: done
editing cp87#6.asc: done
editing cp87#7a.asc: done
editing cp87#7b.asc: done
editing cp87#8.asc: done
editing cp88#4.asc: done
editing cp89#1.asc: done
editing cp89#2.asc: done
editing cp89#3.asc: done
editing cp89#6.asc: done
editing cp89#7.asc: done
editing cp9#3.asc: done
editing cp90#3.asc: done
editing cp90#5.asc: done
editing cp91#3.asc: done
editing cp91#8.asc: done
editing cp94#3.asc: done
editing cp94#4.asc: done
editing cp94#6.asc: done
editing cp94#7.asc: done
editing cp94#8.asc: done
editing cp95#1.asc: done
editing cp95#2.asc: done
editing cp97#4.asc: done
editing cp97#6.asc: done
editing cp97#7.asc: done
editing cp98#5.asc: done
editing cp99#2.asc: done
editing cp99#3.asc: done
editing cp99#5.asc: done
editing cp99#6.asc: done
all done
